
(process:3157): GLib-GObject-WARNING **: /build/buildd/glib2.0-2.42.1/./gobject/gsignal.c:3101: signal id '47' is invalid for instance '0x207d790'

(process:3157): GLib-GObject-WARNING **: /build/buildd/glib2.0-2.42.1/./gobject/gsignal.c:3101: signal id '47' is invalid for instance '0x207d790'

(process:3157): GLib-GObject-WARNING **: /build/buildd/glib2.0-2.42.1/./gobject/gsignal.c:3101: signal id '47' is invalid for instance '0x207d790'

(process:3157): GLib-GObject-WARNING **: /build/buildd/glib2.0-2.42.1/./gobject/gsignal.c:3101: signal id '47' is invalid for instance '0x207d790'

(process:3157): GLib-GObject-WARNING **: /build/buildd/glib2.0-2.42.1/./gobject/gsignal.c:3101: signal id '47' is invalid for instance '0x207d790'

(process:3157): GLib-GObject-WARNING **: /build/buildd/glib2.0-2.42.1/./gobject/gsignal.c:3101: signal id '47' is invalid for instance '0x207d790'

(process:3157): GLib-GObject-WARNING **: /build/buildd/glib2.0-2.42.1/./gobject/gsignal.c:3101: signal id '47' is invalid for instance '0x207d790'

(process:3157): GLib-GObject-WARNING **: /build/buildd/glib2.0-2.42.1/./gobject/gsignal.c:3101: signal id '47' is invalid for instance '0x207d790'

(process:3157): GLib-GObject-WARNING **: /build/buildd/glib2.0-2.42.1/./gobject/gsignal.c:3101: signal id '47' is invalid for instance '0x207d790'

(process:3157): GLib-GObject-WARNING **: /build/buildd/glib2.0-2.42.1/./gobject/gsignal.c:3101: signal id '47' is invalid for instance '0x207d790'

(process:3157): GLib-GObject-WARNING **: /build/buildd/glib2.0-2.42.1/./gobject/gsignal.c:3101: signal id '47' is invalid for instance '0x207d790'

(process:3157): GLib-GObject-WARNING **: /build/buildd/glib2.0-2.42.1/./gobject/gsignal.c:3101: signal id '47' is invalid for instance '0x207d790'

(process:3157): GLib-GObject-WARNING **: /build/buildd/glib2.0-2.42.1/./gobject/gsignal.c:3101: signal id '47' is invalid for instance '0x207d790'

(process:3157): GLib-GObject-WARNING **: /build/buildd/glib2.0-2.42.1/./gobject/gsignal.c:3101: signal id '47' is invalid for instance '0x207d790'

(process:3157): GLib-GObject-WARNING **: /build/buildd/glib2.0-2.42.1/./gobject/gsignal.c:3101: signal id '47' is invalid for instance '0x207d790'

(process:3157): GLib-GObject-WARNING **: /build/buildd/glib2.0-2.42.1/./gobject/gsignal.c:3101: signal id '47' is invalid for instance '0x207d790'

(process:3157): GLib-GObject-WARNING **: /build/buildd/glib2.0-2.42.1/./gobject/gsignal.c:3101: signal id '47' is invalid for instance '0x207d790'

(process:3157): GLib-GObject-WARNING **: /build/buildd/glib2.0-2.42.1/./gobject/gsignal.c:3101: signal id '47' is invalid for instance '0x207d790'
Activating service name='com.canonical.Unity.Webapps.Service'
Successfully activated service 'com.canonical.Unity.Webapps.Service'

(process:3157): GLib-GObject-WARNING **: /build/buildd/glib2.0-2.42.1/./gobject/gsignal.c:3101: signal id '47' is invalid for instance '0x207d790'
** Message: Investigating webapp: unity-webapps-common 


** (process:4547): WARNING **: Found newline before all of metadata, skipping app
** Message: Investigating webapp: unity-webapps-qml 


** (process:4547): WARNING **: Found newline before all of metadata, skipping app
** Message: Investigating webapp: unity-webapps-qml-doc 


** (process:4547): WARNING **: Found newline before all of metadata, skipping app
** Message: Investigating webapp: unity-webapps-qml-examples 


** (process:4547): WARNING **: Found newline before all of metadata, skipping app
** Message: Investigating webapp: unity-webapps-service 


** (process:4547): WARNING **: Found newline before all of metadata, skipping app
** Message: Investigating webapp: unity-webapps-amazoncloudreader 

** Message: Investigating webapp: unity-webapps-bbcnews 

** Message: Investigating webapp: unity-webapps-cnn-news 

** Message: Investigating webapp: unity-webapps-deezer 

** Message: Investigating webapp: unity-webapps-dev 


** (process:4547): WARNING **: Found newline before all of metadata, skipping app
** Message: Investigating webapp: unity-webapps-deviantart 

** Message: Investigating webapp: unity-webapps-facebookmessenger 

** Message: Investigating webapp: unity-webapps-gmail 

** Message: Investigating webapp: unity-webapps-googlecalendar 

** Message: Investigating webapp: unity-webapps-googledocs 

** Message: Investigating webapp: unity-webapps-googlenews 

** Message: Investigating webapp: unity-webapps-googleplus 

** Message: Investigating webapp: unity-webapps-googleplusgames 


** (process:4547): WARNING **: Found newline before all of metadata, skipping app
** Message: Investigating webapp: unity-webapps-grooveshark 

** Message: Investigating webapp: unity-webapps-hulu-player 

** Message: Investigating webapp: unity-webapps-lastfm-radio 

** Message: Investigating webapp: unity-webapps-launchpad 

** Message: Investigating webapp: unity-webapps-librefm 

** Message: Investigating webapp: unity-webapps-linkedin 

** Message: Investigating webapp: unity-webapps-livemail 

** Message: Investigating webapp: unity-webapps-mail-ru 

** Message: Investigating webapp: unity-webapps-newsblur 

** Message: Investigating webapp: unity-webapps-pandora 

** Message: Investigating webapp: unity-webapps-qml-autopilot 


** (process:4547): WARNING **: Found newline before all of metadata, skipping app
** Message: Investigating webapp: unity-webapps-qq-mail 

** Message: Investigating webapp: unity-webapps-reddit 

** Message: Investigating webapp: unity-webapps-tumblr 

** Message: Investigating webapp: unity-webapps-twitter 

** Message: Investigating webapp: unity-webapps-vkcom 

** Message: Investigating webapp: unity-webapps-wordpress 

** Message: Investigating webapp: unity-webapps-wordpress-com 

** Message: Investigating webapp: unity-webapps-yahoomail 

** Message: Investigating webapp: unity-webapps-yahoonews 

** Message: Investigating webapp: unity-webapps-yandex-music 

** Message: Investigating webapp: unity-webapps-yandexmail 

** Message: Investigating webapp: unity-webapps-yandexmusic 

** Message: Investigating webapp: unity-webapps-yandexnews 

** Message: Investigating webapp: unity-webapps-youtube 

** Message: Investigating webapp: unity-webapps-qml 


** (process:4547): WARNING **: Found newline before all of metadata, skipping app
** Message: Investigating webapp: unity-webapps-qml-examples 


** (process:4547): WARNING **: Found newline before all of metadata, skipping app
** Message: Investigating webapp: unity-webapps-service 


** (process:4547): WARNING **: Found newline before all of metadata, skipping app

(process:3157): GLib-GObject-WARNING **: /build/buildd/glib2.0-2.42.1/./gobject/gsignal.c:3101: signal id '47' is invalid for instance '0x207d790'

(process:3157): GLib-GObject-WARNING **: /build/buildd/glib2.0-2.42.1/./gobject/gsignal.c:3101: signal id '47' is invalid for instance '0x207d790'

(process:3157): GLib-GObject-WARNING **: /build/buildd/glib2.0-2.42.1/./gobject/gsignal.c:3101: signal id '47' is invalid for instance '0x207d790'

(process:3157): GLib-GObject-WARNING **: /build/buildd/glib2.0-2.42.1/./gobject/gsignal.c:3101: signal id '47' is invalid for instance '0x207d790'

(process:3157): GLib-GObject-WARNING **: /build/buildd/glib2.0-2.42.1/./gobject/gsignal.c:3101: signal id '47' is invalid for instance '0x207d790'

(process:3157): GLib-GObject-WARNING **: /build/buildd/glib2.0-2.42.1/./gobject/gsignal.c:3101: signal id '47' is invalid for instance '0x207d790'

(process:3157): GLib-GObject-WARNING **: /build/buildd/glib2.0-2.42.1/./gobject/gsignal.c:3101: signal id '47' is invalid for instance '0x207d790'

(process:3157): GLib-GObject-WARNING **: /build/buildd/glib2.0-2.42.1/./gobject/gsignal.c:3101: signal id '47' is invalid for instance '0x207d790'

(process:3157): GLib-GObject-WARNING **: /build/buildd/glib2.0-2.42.1/./gobject/gsignal.c:3101: signal id '47' is invalid for instance '0x207d790'

(process:3157): GLib-GObject-WARNING **: /build/buildd/glib2.0-2.42.1/./gobject/gsignal.c:3101: signal id '47' is invalid for instance '0x207d790'

(process:3157): GLib-GObject-WARNING **: /build/buildd/glib2.0-2.42.1/./gobject/gsignal.c:3101: signal id '47' is invalid for instance '0x207d790'

(process:3157): GLib-GObject-WARNING **: /build/buildd/glib2.0-2.42.1/./gobject/gsignal.c:3101: signal id '47' is invalid for instance '0x207d790'

(process:3157): GLib-GObject-WARNING **: /build/buildd/glib2.0-2.42.1/./gobject/gsignal.c:3101: signal id '47' is invalid for instance '0x207d790'

(process:3157): GLib-GObject-WARNING **: /build/buildd/glib2.0-2.42.1/./gobject/gsignal.c:3101: signal id '47' is invalid for instance '0x207d790'

(process:3157): GLib-GObject-WARNING **: /build/buildd/glib2.0-2.42.1/./gobject/gsignal.c:3101: signal id '47' is invalid for instance '0x207d790'

(process:3157): GLib-GObject-WARNING **: /build/buildd/glib2.0-2.42.1/./gobject/gsignal.c:3101: signal id '47' is invalid for instance '0x207d790'

(process:3157): GLib-GObject-WARNING **: /build/buildd/glib2.0-2.42.1/./gobject/gsignal.c:3101: signal id '47' is invalid for instance '0x207d790'

(process:3157): GLib-GObject-WARNING **: /build/buildd/glib2.0-2.42.1/./gobject/gsignal.c:3101: signal id '47' is invalid for instance '0x207d790'

(process:3157): GLib-GObject-WARNING **: /build/buildd/glib2.0-2.42.1/./gobject/gsignal.c:3101: signal id '47' is invalid for instance '0x207d790'

(process:3157): GLib-GObject-WARNING **: /build/buildd/glib2.0-2.42.1/./gobject/gsignal.c:3101: signal id '47' is invalid for instance '0x207d790'

(process:3157): GLib-GObject-WARNING **: /build/buildd/glib2.0-2.42.1/./gobject/gsignal.c:3101: signal id '47' is invalid for instance '0x207d790'

(process:3157): GLib-GObject-WARNING **: /build/buildd/glib2.0-2.42.1/./gobject/gsignal.c:3101: signal id '47' is invalid for instance '0x207d790'

(process:3157): GLib-GObject-WARNING **: /build/buildd/glib2.0-2.42.1/./gobject/gsignal.c:3101: signal id '47' is invalid for instance '0x207d790'

(process:3157): GLib-GObject-WARNING **: /build/buildd/glib2.0-2.42.1/./gobject/gsignal.c:3101: signal id '47' is invalid for instance '0x207d790'

(process:3157): GLib-GObject-WARNING **: /build/buildd/glib2.0-2.42.1/./gobject/gsignal.c:3101: signal id '47' is invalid for instance '0x207d790'

(process:3157): GLib-GObject-WARNING **: /build/buildd/glib2.0-2.42.1/./gobject/gsignal.c:3101: signal id '47' is invalid for instance '0x207d790'

(process:3157): GLib-GObject-WARNING **: /build/buildd/glib2.0-2.42.1/./gobject/gsignal.c:3101: signal id '47' is invalid for instance '0x207d790'

(process:3157): GLib-GObject-WARNING **: /build/buildd/glib2.0-2.42.1/./gobject/gsignal.c:3101: signal id '47' is invalid for instance '0x207d790'

(process:3157): GLib-GObject-WARNING **: /build/buildd/glib2.0-2.42.1/./gobject/gsignal.c:3101: signal id '47' is invalid for instance '0x207d790'

(process:3157): GLib-GObject-WARNING **: /build/buildd/glib2.0-2.42.1/./gobject/gsignal.c:3101: signal id '47' is invalid for instance '0x207d790'

(process:3157): GLib-GObject-WARNING **: /build/buildd/glib2.0-2.42.1/./gobject/gsignal.c:3101: signal id '47' is invalid for instance '0x207d790'

(process:3157): GLib-GObject-WARNING **: /build/buildd/glib2.0-2.42.1/./gobject/gsignal.c:3101: signal id '47' is invalid for instance '0x207d790'

(process:3157): GLib-GObject-WARNING **: /build/buildd/glib2.0-2.42.1/./gobject/gsignal.c:3101: signal id '47' is invalid for instance '0x207d790'

(process:3157): GLib-GObject-WARNING **: /build/buildd/glib2.0-2.42.1/./gobject/gsignal.c:3101: signal id '47' is invalid for instance '0x207d790'

(process:3157): GLib-GObject-WARNING **: /build/buildd/glib2.0-2.42.1/./gobject/gsignal.c:3101: signal id '47' is invalid for instance '0x207d790'

(process:3157): GLib-GObject-WARNING **: /build/buildd/glib2.0-2.42.1/./gobject/gsignal.c:3101: signal id '47' is invalid for instance '0x207d790'

(process:3157): GLib-GObject-WARNING **: /build/buildd/glib2.0-2.42.1/./gobject/gsignal.c:3101: signal id '47' is invalid for instance '0x207d790'

(process:3157): GLib-GObject-WARNING **: /build/buildd/glib2.0-2.42.1/./gobject/gsignal.c:3101: signal id '47' is invalid for instance '0x207d790'

(process:3157): GLib-GObject-WARNING **: /build/buildd/glib2.0-2.42.1/./gobject/gsignal.c:3101: signal id '47' is invalid for instance '0x207d790'

(process:3157): GLib-GObject-WARNING **: /build/buildd/glib2.0-2.42.1/./gobject/gsignal.c:3101: signal id '47' is invalid for instance '0x207d790'

(process:3157): GLib-GObject-WARNING **: /build/buildd/glib2.0-2.42.1/./gobject/gsignal.c:3101: signal id '47' is invalid for instance '0x207d790'

(process:3157): GLib-GObject-WARNING **: /build/buildd/glib2.0-2.42.1/./gobject/gsignal.c:3101: signal id '47' is invalid for instance '0x207d790'

(process:3157): GLib-GObject-WARNING **: /build/buildd/glib2.0-2.42.1/./gobject/gsignal.c:3101: signal id '47' is invalid for instance '0x207d790'

(process:3157): GLib-GObject-WARNING **: /build/buildd/glib2.0-2.42.1/./gobject/gsignal.c:3101: signal id '47' is invalid for instance '0x207d790'

(process:3157): GLib-GObject-WARNING **: /build/buildd/glib2.0-2.42.1/./gobject/gsignal.c:3101: signal id '47' is invalid for instance '0x207d790'

(process:3157): GLib-GObject-WARNING **: /build/buildd/glib2.0-2.42.1/./gobject/gsignal.c:3101: signal id '47' is invalid for instance '0x207d790'

(process:3157): GLib-GObject-WARNING **: /build/buildd/glib2.0-2.42.1/./gobject/gsignal.c:3101: signal id '47' is invalid for instance '0x207d790'

(process:3157): GLib-GObject-WARNING **: /build/buildd/glib2.0-2.42.1/./gobject/gsignal.c:3101: signal id '47' is invalid for instance '0x207d790'

(process:3157): GLib-GObject-WARNING **: /build/buildd/glib2.0-2.42.1/./gobject/gsignal.c:3101: signal id '47' is invalid for instance '0x207d790'

(process:3157): GLib-GObject-WARNING **: /build/buildd/glib2.0-2.42.1/./gobject/gsignal.c:3101: signal id '47' is invalid for instance '0x207d790'

(process:3157): GLib-GObject-WARNING **: /build/buildd/glib2.0-2.42.1/./gobject/gsignal.c:3101: signal id '47' is invalid for instance '0x207d790'

(process:3157): GLib-GObject-WARNING **: /build/buildd/glib2.0-2.42.1/./gobject/gsignal.c:3101: signal id '47' is invalid for instance '0x207d790'

(process:3157): GLib-GObject-WARNING **: /build/buildd/glib2.0-2.42.1/./gobject/gsignal.c:3101: signal id '47' is invalid for instance '0x207d790'

(process:3157): GLib-GObject-WARNING **: /build/buildd/glib2.0-2.42.1/./gobject/gsignal.c:3101: signal id '47' is invalid for instance '0x207d790'

(process:3157): GLib-GObject-WARNING **: /build/buildd/glib2.0-2.42.1/./gobject/gsignal.c:3101: signal id '47' is invalid for instance '0x207d790'

(process:3157): GLib-GObject-WARNING **: /build/buildd/glib2.0-2.42.1/./gobject/gsignal.c:3101: signal id '47' is invalid for instance '0x207d790'

(process:3157): GLib-GObject-WARNING **: /build/buildd/glib2.0-2.42.1/./gobject/gsignal.c:3101: signal id '47' is invalid for instance '0x207d790'

(process:3157): GLib-GObject-WARNING **: /build/buildd/glib2.0-2.42.1/./gobject/gsignal.c:3101: signal id '47' is invalid for instance '0x207d790'

(process:3157): GLib-GObject-WARNING **: /build/buildd/glib2.0-2.42.1/./gobject/gsignal.c:3101: signal id '47' is invalid for instance '0x207d790'

(process:3157): GLib-GObject-WARNING **: /build/buildd/glib2.0-2.42.1/./gobject/gsignal.c:3101: signal id '47' is invalid for instance '0x207d790'

(process:3157): GLib-GObject-WARNING **: /build/buildd/glib2.0-2.42.1/./gobject/gsignal.c:3101: signal id '47' is invalid for instance '0x207d790'

(process:3157): GLib-GObject-WARNING **: /build/buildd/glib2.0-2.42.1/./gobject/gsignal.c:3101: signal id '47' is invalid for instance '0x207d790'

(process:3157): GLib-GObject-WARNING **: /build/buildd/glib2.0-2.42.1/./gobject/gsignal.c:3101: signal id '47' is invalid for instance '0x207d790'

(process:3157): GLib-GObject-WARNING **: /build/buildd/glib2.0-2.42.1/./gobject/gsignal.c:3101: signal id '47' is invalid for instance '0x207d790'

(process:3157): GLib-GObject-WARNING **: /build/buildd/glib2.0-2.42.1/./gobject/gsignal.c:3101: signal id '47' is invalid for instance '0x207d790'

(process:3157): GLib-GObject-WARNING **: /build/buildd/glib2.0-2.42.1/./gobject/gsignal.c:3101: signal id '47' is invalid for instance '0x207d790'

(process:3157): GLib-GObject-WARNING **: /build/buildd/glib2.0-2.42.1/./gobject/gsignal.c:3101: signal id '47' is invalid for instance '0x207d790'

(process:3157): GLib-GObject-WARNING **: /build/buildd/glib2.0-2.42.1/./gobject/gsignal.c:3101: signal id '47' is invalid for instance '0x207d790'

(process:3157): GLib-GObject-WARNING **: /build/buildd/glib2.0-2.42.1/./gobject/gsignal.c:3101: signal id '47' is invalid for instance '0x207d790'

(process:3157): GLib-GObject-WARNING **: /build/buildd/glib2.0-2.42.1/./gobject/gsignal.c:3101: signal id '47' is invalid for instance '0x207d790'

(process:3157): GLib-GObject-WARNING **: /build/buildd/glib2.0-2.42.1/./gobject/gsignal.c:3101: signal id '47' is invalid for instance '0x207d790'

(process:3157): GLib-GObject-WARNING **: /build/buildd/glib2.0-2.42.1/./gobject/gsignal.c:3101: signal id '47' is invalid for instance '0x207d790'

(process:3157): GLib-GObject-WARNING **: /build/buildd/glib2.0-2.42.1/./gobject/gsignal.c:3101: signal id '47' is invalid for instance '0x207d790'

(process:3157): GLib-GObject-WARNING **: /build/buildd/glib2.0-2.42.1/./gobject/gsignal.c:3101: signal id '47' is invalid for instance '0x207d790'

(process:3157): GLib-GObject-WARNING **: /build/buildd/glib2.0-2.42.1/./gobject/gsignal.c:3101: signal id '47' is invalid for instance '0x207d790'

(process:3157): GLib-GObject-WARNING **: /build/buildd/glib2.0-2.42.1/./gobject/gsignal.c:3101: signal id '47' is invalid for instance '0x207d790'

(process:3157): GLib-GObject-WARNING **: /build/buildd/glib2.0-2.42.1/./gobject/gsignal.c:3101: signal id '47' is invalid for instance '0x207d790'

(process:3157): GLib-GObject-WARNING **: /build/buildd/glib2.0-2.42.1/./gobject/gsignal.c:3101: signal id '47' is invalid for instance '0x207d790'

(process:3157): GLib-GObject-WARNING **: /build/buildd/glib2.0-2.42.1/./gobject/gsignal.c:3101: signal id '47' is invalid for instance '0x207d790'

(process:3157): GLib-GObject-WARNING **: /build/buildd/glib2.0-2.42.1/./gobject/gsignal.c:3101: signal id '47' is invalid for instance '0x207d790'

(process:3157): GLib-GObject-WARNING **: /build/buildd/glib2.0-2.42.1/./gobject/gsignal.c:3101: signal id '47' is invalid for instance '0x207d790'

(process:3157): GLib-GObject-WARNING **: /build/buildd/glib2.0-2.42.1/./gobject/gsignal.c:3101: signal id '47' is invalid for instance '0x207d790'

(process:3157): GLib-GObject-WARNING **: /build/buildd/glib2.0-2.42.1/./gobject/gsignal.c:3101: signal id '47' is invalid for instance '0x207d790'

(process:3157): GLib-GObject-WARNING **: /build/buildd/glib2.0-2.42.1/./gobject/gsignal.c:3101: signal id '47' is invalid for instance '0x207d790'

(process:3157): GLib-GObject-WARNING **: /build/buildd/glib2.0-2.42.1/./gobject/gsignal.c:3101: signal id '47' is invalid for instance '0x207d790'

(process:3157): GLib-GObject-WARNING **: /build/buildd/glib2.0-2.42.1/./gobject/gsignal.c:3101: signal id '47' is invalid for instance '0x207d790'

(process:3157): GLib-GObject-WARNING **: /build/buildd/glib2.0-2.42.1/./gobject/gsignal.c:3101: signal id '47' is invalid for instance '0x207d790'

(process:3157): GLib-GObject-WARNING **: /build/buildd/glib2.0-2.42.1/./gobject/gsignal.c:3101: signal id '47' is invalid for instance '0x207d790'

(process:3157): GLib-GObject-WARNING **: /build/buildd/glib2.0-2.42.1/./gobject/gsignal.c:3101: signal id '47' is invalid for instance '0x207d790'

(process:3157): GLib-GObject-WARNING **: /build/buildd/glib2.0-2.42.1/./gobject/gsignal.c:3101: signal id '47' is invalid for instance '0x207d790'

(process:3157): GLib-GObject-WARNING **: /build/buildd/glib2.0-2.42.1/./gobject/gsignal.c:3101: signal id '47' is invalid for instance '0x207d790'

(process:3157): GLib-GObject-WARNING **: /build/buildd/glib2.0-2.42.1/./gobject/gsignal.c:3101: signal id '47' is invalid for instance '0x207d790'

(process:3157): GLib-GObject-WARNING **: /build/buildd/glib2.0-2.42.1/./gobject/gsignal.c:3101: signal id '47' is invalid for instance '0x207d790'

(process:3157): GLib-GObject-WARNING **: /build/buildd/glib2.0-2.42.1/./gobject/gsignal.c:3101: signal id '47' is invalid for instance '0x207d790'

(process:3157): GLib-GObject-WARNING **: /build/buildd/glib2.0-2.42.1/./gobject/gsignal.c:3101: signal id '47' is invalid for instance '0x207d790'

(process:3157): GLib-GObject-WARNING **: /build/buildd/glib2.0-2.42.1/./gobject/gsignal.c:3101: signal id '47' is invalid for instance '0x207d790'

(process:3157): GLib-GObject-WARNING **: /build/buildd/glib2.0-2.42.1/./gobject/gsignal.c:3101: signal id '47' is invalid for instance '0x207d790'

(process:3157): GLib-GObject-WARNING **: /build/buildd/glib2.0-2.42.1/./gobject/gsignal.c:3101: signal id '47' is invalid for instance '0x207d790'

(process:3157): GLib-GObject-WARNING **: /build/buildd/glib2.0-2.42.1/./gobject/gsignal.c:3101: signal id '47' is invalid for instance '0x207d790'

(process:3157): GLib-GObject-WARNING **: /build/buildd/glib2.0-2.42.1/./gobject/gsignal.c:3101: signal id '47' is invalid for instance '0x207d790'

(process:3157): GLib-GObject-WARNING **: /build/buildd/glib2.0-2.42.1/./gobject/gsignal.c:3101: signal id '47' is invalid for instance '0x207d790'

(process:3157): GLib-GObject-WARNING **: /build/buildd/glib2.0-2.42.1/./gobject/gsignal.c:3101: signal id '47' is invalid for instance '0x207d790'

(process:3157): GLib-GObject-WARNING **: /build/buildd/glib2.0-2.42.1/./gobject/gsignal.c:3101: signal id '47' is invalid for instance '0x207d790'

(process:3157): GLib-GObject-WARNING **: /build/buildd/glib2.0-2.42.1/./gobject/gsignal.c:3101: signal id '47' is invalid for instance '0x207d790'

(process:3157): GLib-GObject-WARNING **: /build/buildd/glib2.0-2.42.1/./gobject/gsignal.c:3101: signal id '47' is invalid for instance '0x207d790'

(process:3157): GLib-GObject-WARNING **: /build/buildd/glib2.0-2.42.1/./gobject/gsignal.c:3101: signal id '47' is invalid for instance '0x207d790'

(process:3157): GLib-GObject-WARNING **: /build/buildd/glib2.0-2.42.1/./gobject/gsignal.c:3101: signal id '47' is invalid for instance '0x207d790'

(process:3157): GLib-GObject-WARNING **: /build/buildd/glib2.0-2.42.1/./gobject/gsignal.c:3101: signal id '47' is invalid for instance '0x207d790'

(process:3157): GLib-GObject-WARNING **: /build/buildd/glib2.0-2.42.1/./gobject/gsignal.c:3101: signal id '47' is invalid for instance '0x207d790'

(process:3157): GLib-GObject-WARNING **: /build/buildd/glib2.0-2.42.1/./gobject/gsignal.c:3101: signal id '47' is invalid for instance '0x207d790'

(process:3157): GLib-GObject-WARNING **: /build/buildd/glib2.0-2.42.1/./gobject/gsignal.c:3101: signal id '47' is invalid for instance '0x207d790'

(process:3157): GLib-GObject-WARNING **: /build/buildd/glib2.0-2.42.1/./gobject/gsignal.c:3101: signal id '47' is invalid for instance '0x207d790'

** (zeitgeist-fts:3190): WARNING **: Unable to get info on application://nautilus-autostart.desktop

(process:3157): GLib-GObject-WARNING **: /build/buildd/glib2.0-2.42.1/./gobject/gsignal.c:3101: signal id '47' is invalid for instance '0x207d790'

(process:3157): GLib-GObject-WARNING **: /build/buildd/glib2.0-2.42.1/./gobject/gsignal.c:3101: signal id '47' is invalid for instance '0x207d790'

(process:3157): GLib-GObject-WARNING **: /build/buildd/glib2.0-2.42.1/./gobject/gsignal.c:3101: signal id '47' is invalid for instance '0x207d790'

(process:3157): GLib-GObject-WARNING **: /build/buildd/glib2.0-2.42.1/./gobject/gsignal.c:3101: signal id '47' is invalid for instance '0x207d790'

(process:3157): GLib-GObject-WARNING **: /build/buildd/glib2.0-2.42.1/./gobject/gsignal.c:3101: signal id '47' is invalid for instance '0x207d790'

(process:3157): GLib-GObject-WARNING **: /build/buildd/glib2.0-2.42.1/./gobject/gsignal.c:3101: signal id '47' is invalid for instance '0x207d790'

(process:3157): GLib-GObject-WARNING **: /build/buildd/glib2.0-2.42.1/./gobject/gsignal.c:3101: signal id '47' is invalid for instance '0x207d790'

** (process:3083): WARNING **: *** Unsupported operation detected on trash directory

** (process:3083): WARNING **:     A trash files/ directory should only have files linked or unlinked (via moves or deletes).  Some other operation has been detected on a file in the directory (eg: a file has been modified).  Likely, the data reported by the trash backend will now be inconsistent.

** (process:3083): WARNING **:   dir: /home/vaishali/.local/share/Trash/files, file: sample_app.3, type: 1


Activating service name='com.canonical.Unity.Scope.Home'
Successfully activated service 'com.canonical.Unity.Scope.Home'

(unity-scope-home:9934): unity-scope-home-WARNING **: platform-info.vala:112: Unable to read SIM properties: GDBus.Error:org.freedesktop.DBus.Error.ServiceUnknown: The name org.ofono was not provided by any .service files
Activating service name='com.canonical.Unity.Scope.Applications'
Activating service name='com.canonical.Unity.Scope.File.Gdrive'
Activating service name='com.canonical.Unity.Scope.LocalFiles'

(process:9951): unity-files-daemon-WARNING **: folder.vala:65: Failed to read favorites: Failed to open file '/home/vaishali/.gtk-bookmarks': No such file or directory
Successfully activated service 'com.canonical.Unity.Scope.LocalFiles'
Successfully activated service 'com.canonical.Unity.Scope.File.Gdrive'
Successfully activated service 'com.canonical.Unity.Scope.Applications'

(process:3157): GLib-GObject-WARNING **: /build/buildd/glib2.0-2.42.1/./gobject/gsignal.c:3101: signal id '47' is invalid for instance '0x207d790'

(process:3157): GLib-GObject-WARNING **: /build/buildd/glib2.0-2.42.1/./gobject/gsignal.c:3101: signal id '47' is invalid for instance '0x207d790'

(process:3157): GLib-GObject-WARNING **: /build/buildd/glib2.0-2.42.1/./gobject/gsignal.c:3101: signal id '47' is invalid for instance '0x207d790'

(process:3157): GLib-GObject-WARNING **: /build/buildd/glib2.0-2.42.1/./gobject/gsignal.c:3101: signal id '47' is invalid for instance '0x207d790'

(process:3157): GLib-GObject-WARNING **: /build/buildd/glib2.0-2.42.1/./gobject/gsignal.c:3101: signal id '47' is invalid for instance '0x207d790'

(process:3157): GLib-GObject-WARNING **: /build/buildd/glib2.0-2.42.1/./gobject/gsignal.c:3101: signal id '47' is invalid for instance '0x207d790'

(process:3157): GLib-GObject-WARNING **: /build/buildd/glib2.0-2.42.1/./gobject/gsignal.c:3101: signal id '47' is invalid for instance '0x207d790'

(process:3157): GLib-GObject-WARNING **: /build/buildd/glib2.0-2.42.1/./gobject/gsignal.c:3101: signal id '47' is invalid for instance '0x207d790'

(process:3157): GLib-GObject-WARNING **: /build/buildd/glib2.0-2.42.1/./gobject/gsignal.c:3101: signal id '47' is invalid for instance '0x207d790'

(process:3157): GLib-GObject-WARNING **: /build/buildd/glib2.0-2.42.1/./gobject/gsignal.c:3101: signal id '47' is invalid for instance '0x207d790'

(process:3157): GLib-GObject-WARNING **: /build/buildd/glib2.0-2.42.1/./gobject/gsignal.c:3101: signal id '47' is invalid for instance '0x207d790'

(process:3157): GLib-GObject-WARNING **: /build/buildd/glib2.0-2.42.1/./gobject/gsignal.c:3101: signal id '47' is invalid for instance '0x207d790'

(process:3157): GLib-GObject-WARNING **: /build/buildd/glib2.0-2.42.1/./gobject/gsignal.c:3101: signal id '47' is invalid for instance '0x207d790'
