[2017-01-27 12:03:42] __rvm_make
__rvm_make () 
{ 
    \make "$@" || return $?
}
current path: /home/vaishali/.rvm/src/ruby-2.3.1
PATH=/home/vaishali/bin:/usr/local/sbin:/usr/local/bin:/usr/sbin:/usr/bin:/sbin:/bin:/:/home/vaishali/.rvm/bin
command(2): __rvm_make -j4
++ make -j4
	CC = gcc
	LD = ld
	LDSHARED = gcc -shared
	CFLAGS = -O3 -fno-fast-math -ggdb3 -Wall -Wextra -Wno-unused-parameter -Wno-parentheses -Wno-long-long -Wno-missing-field-initializers -Wunused-variable -Wpointer-arith -Wwrite-strings -Wdeclaration-after-statement -Wimplicit-function-declaration -Wdeprecated-declarations -Wno-packed-bitfield-compat -std=iso9899:1999  -fPIC 
	XCFLAGS = -D_FORTIFY_SOURCE=2 -fstack-protector -fno-strict-overflow -fvisibility=hidden -DRUBY_EXPORT
	CPPFLAGS =   -I. -I.ext/include/x86_64-linux -I./include -I.
	DLDFLAGS = -Wl,-soname,libruby.so.2.3  -fstack-protector  
	SOLIBS = -lpthread -lgmp -ldl -lcrypt -lm  
Using built-in specs.
COLLECT_GCC=gcc
COLLECT_LTO_WRAPPER=/usr/lib/gcc/x86_64-linux-gnu/4.9/lto-wrapper
Target: x86_64-linux-gnu
Configured with: ../src/configure -v --with-pkgversion='Ubuntu 4.9.1-16ubuntu6' --with-bugurl=file:///usr/share/doc/gcc-4.9/README.Bugs --enable-languages=c,c++,java,go,d,fortran,objc,obj-c++ --prefix=/usr --program-suffix=-4.9 --enable-shared --enable-linker-build-id --libexecdir=/usr/lib --without-included-gettext --enable-threads=posix --with-gxx-include-dir=/usr/include/c++/4.9 --libdir=/usr/lib --enable-nls --with-sysroot=/ --enable-clocale=gnu --enable-libstdcxx-debug --enable-libstdcxx-time=yes --enable-gnu-unique-object --disable-vtable-verify --enable-plugin --with-system-zlib --disable-browser-plugin --enable-java-awt=gtk --enable-gtk-cairo --with-java-home=/usr/lib/jvm/java-1.5.0-gcj-4.9-amd64/jre --enable-java-home --with-jvm-root-dir=/usr/lib/jvm/java-1.5.0-gcj-4.9-amd64 --with-jvm-jar-dir=/usr/lib/jvm-exports/java-1.5.0-gcj-4.9-amd64 --with-arch-directory=amd64 --with-ecj-jar=/usr/share/java/eclipse-ecj.jar --enable-objc-gc --enable-multiarch --disable-werror --with-arch-32=i686 --with-abi=m64 --with-multilib-list=m32,m64,mx32 --enable-multilib --with-tune=generic --enable-checking=release --build=x86_64-linux-gnu --host=x86_64-linux-gnu --target=x86_64-linux-gnu
Thread model: posix
gcc version 4.9.1 (Ubuntu 4.9.1-16ubuntu6) 
copying dummy probes.h
compiling main.c
compiling dmydln.c
compiling miniinit.c
compiling dmyext.c
compiling miniprelude.c
compiling array.c
compiling bignum.c
compiling class.c
compiling compar.c
compiling complex.c
compiling dir.c
compiling dln_find.c
compiling encoding.c
compiling enum.c
compiling enumerator.c
compiling error.c
compiling eval.c
compiling load.c
compiling proc.c
compiling file.c
compiling gc.c
compiling hash.c
compiling inits.c
compiling io.c
compiling marshal.c
compiling math.c
compiling node.c
compiling numeric.c
compiling object.c
compiling pack.c
compiling parse.c
compiling process.c
compiling random.c
compiling range.c
compiling rational.c
compiling re.c
compiling regcomp.c
compiling regenc.c
compiling regerror.c
compiling regexec.c
compiling regparse.c
compiling regsyntax.c
compiling ruby.c
compiling safe.c
compiling signal.c
compiling sprintf.c
compiling st.c
compiling strftime.c
compiling string.c
compiling struct.c
compiling symbol.c
compiling time.c
compiling transcode.c
compiling util.c
compiling variable.c
compiling version.c
compiling compile.c
compiling debug.c
compiling iseq.c
compiling vm.c
compiling vm_dump.c
compiling vm_backtrace.c
compiling vm_trace.c
compiling thread.c
compiling cont.c
compiling ./missing/explicit_bzero.c
compiling ./missing/setproctitle.c
compiling ./missing/strlcat.c
compiling ./missing/strlcpy.c
compiling addr2line.c
compiling dmyenc.c
compiling dln.c
compiling localeinit.c
compiling prelude.c
compiling enc/ascii.c
compiling enc/us_ascii.c
compiling enc/unicode.c
compiling enc/utf_8.c
compiling enc/trans/newline.c
linking miniruby
generating encdb.h
rbconfig.rb updated
creating verconf.h
generating enc.mk
verconf.h updated
compiling loadpath.c
encdb.h updated
making srcs under enc
make[1]: Entering directory '/home/vaishali/.rvm/src/ruby-2.3.1'
make[1]: Nothing to be done for 'srcs'.
make[1]: Leaving directory '/home/vaishali/.rvm/src/ruby-2.3.1'
generating transdb.h
linking static-library libruby-static.a
transdb.h updated
verifying static-library libruby-static.a
linking shared-library libruby.so.2.3.0
generating makefile exts.mk
making trans
making enc
make[1]: Entering directory '/home/vaishali/.rvm/src/ruby-2.3.1'
make[1]: Entering directory '/home/vaishali/.rvm/src/ruby-2.3.1'
compiling ./enc/trans/big5.c
compiling ./enc/encdb.c
compiling ./enc/trans/transdb.c
configuring -test-/array/resize
configuring -test-/bignum
configuring -test-/bug-3571
configuring -test-/bug-5832
configuring -test-/bug_reporter
configuring -test-/class
configuring -test-/debug
configuring -test-/dln/empty
configuring -test-/exception
compiling ./enc/trans/chinese.c
configuring -test-/fatal
configuring -test-/file
compiling ./enc/big5.c
compiling ./enc/cp949.c
compiling ./enc/emacs_mule.c
compiling ./enc/euc_jp.c
compiling ./enc/trans/ebcdic.c
compiling ./enc/euc_kr.c
compiling ./enc/euc_tw.c
compiling ./enc/gb2312.c
compiling ./enc/trans/emoji.c
compiling ./enc/gb18030.c
compiling ./enc/gbk.c
configuring -test-/float
configuring -test-/funcall
configuring -test-/gvl/call_without_gvl
configuring -test-/hash
configuring -test-/iseq_load
compiling ./enc/trans/emoji_iso2022_kddi.c
configuring -test-/iter
configuring -test-/load/dot.dot
configuring -test-/marshal/compat
configuring -test-/marshal/internal_ivar
configuring -test-/marshal/usr
configuring -test-/method
configuring -test-/notimplement
configuring -test-/num2int
configuring -test-/path_to_class
configuring -test-/popen_deadlock
configuring -test-/postponed_job
configuring -test-/printf
configuring -test-/proc
configuring -test-/rational
configuring -test-/recursion
configuring -test-/st/foreach
configuring -test-/st/numhash
configuring -test-/st/update
configuring -test-/string
configuring -test-/struct
compiling ./enc/iso_8859_1.c
configuring -test-/symbol
compiling ./enc/iso_8859_2.c
compiling ./enc/iso_8859_3.c
configuring -test-/time
configuring -test-/tracepoint
configuring -test-/typeddata
configuring -test-/vm
configuring -test-/wait_for_single_fd
configuring bigdecimal
compiling ./enc/iso_8859_4.c
compiling ./enc/iso_8859_5.c
compiling ./enc/iso_8859_6.c
compiling ./enc/iso_8859_7.c
compiling ./enc/trans/emoji_sjis_docomo.c
compiling ./enc/iso_8859_8.c
compiling ./enc/iso_8859_9.c
compiling ./enc/iso_8859_10.c
compiling ./enc/iso_8859_11.c
compiling ./enc/iso_8859_13.c
compiling ./enc/iso_8859_14.c
compiling ./enc/iso_8859_15.c
compiling ./enc/iso_8859_16.c
compiling ./enc/trans/emoji_sjis_kddi.c
compiling ./enc/koi8_r.c
compiling ./enc/koi8_u.c
compiling ./enc/shift_jis.c
compiling ./enc/utf_16be.c
compiling ./enc/utf_32be.c
compiling ./enc/utf_16le.c
compiling ./enc/trans/emoji_sjis_softbank.c
compiling ./enc/utf_32le.c
compiling ./enc/windows_31j.c
compiling ./enc/windows_1250.c
compiling ./enc/windows_1252.c
compiling ./enc/windows_1251.c
linking encoding encdb.so
linking encoding big5.so
linking encoding cp949.so
linking encoding emacs_mule.so
linking encoding euc_jp.so
configuring cgi/escape
configuring continuation
configuring coverage
configuring date
configuring dbm
linking encoding euc_kr.so
compiling ./enc/trans/escape.c
linking encoding euc_tw.so
compiling ./enc/trans/gb18030.c
linking encoding gb2312.so
linking encoding gb18030.so
compiling ./enc/trans/gbk.c
linking encoding gbk.so
linking encoding iso_8859_1.so
linking encoding iso_8859_2.so
linking encoding iso_8859_3.so
linking encoding iso_8859_4.so
linking encoding iso_8859_5.so
linking encoding iso_8859_6.so
compiling ./enc/trans/iso2022.c
linking encoding iso_8859_7.so
linking encoding iso_8859_8.so
linking encoding iso_8859_9.so
linking encoding iso_8859_10.so
compiling ./enc/trans/japanese.c
linking encoding iso_8859_11.so
linking encoding iso_8859_13.so
compiling ./enc/trans/japanese_euc.c
linking encoding iso_8859_14.so
compiling ./enc/trans/japanese_sjis.c
linking encoding iso_8859_15.so
linking encoding iso_8859_16.so
linking encoding koi8_r.so
linking encoding koi8_u.so
linking encoding shift_jis.so
linking encoding utf_16be.so
linking encoding utf_16le.so
linking encoding utf_32be.so
linking encoding utf_32le.so
linking encoding windows_31j.so
linking encoding windows_1250.so
linking encoding windows_1251.so
compiling ./enc/trans/korean.c
linking encoding windows_1252.so
make[1]: Leaving directory '/home/vaishali/.rvm/src/ruby-2.3.1'
compiling ./enc/trans/single_byte.c
compiling ./enc/trans/utf8_mac.c
compiling ./enc/trans/utf_16_32.c
linking transcoder transdb.so
linking transcoder big5.so
linking transcoder chinese.so
linking transcoder ebcdic.so
linking transcoder emoji.so
linking transcoder emoji_iso2022_kddi.so
linking transcoder emoji_sjis_docomo.so
linking transcoder emoji_sjis_kddi.so
linking transcoder emoji_sjis_softbank.so
linking transcoder escape.so
linking transcoder gb18030.so
linking transcoder gbk.so
linking transcoder iso2022.so
linking transcoder japanese.so
linking transcoder japanese_euc.so
linking transcoder japanese_sjis.so
linking transcoder korean.so
linking transcoder single_byte.so
linking transcoder utf8_mac.so
linking transcoder utf_16_32.so
make[1]: Leaving directory '/home/vaishali/.rvm/src/ruby-2.3.1'
making encs
make[1]: Entering directory '/home/vaishali/.rvm/src/ruby-2.3.1'
make[1]: Leaving directory '/home/vaishali/.rvm/src/ruby-2.3.1'
header: gdbm-ndbm.h
library: gdbm_compat
configuring digest
configuring digest/bubblebabble
configuring digest/md5
configuring digest/rmd160
configuring digest/sha1
configuring digest/sha2
configuring etc
configuring fcntl
configuring fiber
configuring fiddle
configuring gdbm
configuring io/console
configuring io/nonblock
configuring io/wait
configuring json
configuring json/generator
configuring json/parser
configuring mathn/complex
configuring mathn/rational
configuring nkf
configuring objspace
configuring openssl
configuring pathname
configuring psych
configuring pty
configuring racc/cparse
configuring rbconfig/sizeof
configuring readline
configuring ripper
configuring sdbm
configuring socket
configuring stringio
configuring strscan
configuring syslog
configuring thread
configuring tk
............
check struct members..
check libraries....
Use ActiveTcl libraries (if available).
Search tclConfig.sh and tkConfig.sh...............................
Fail to find [tclConfig.sh, tkConfig.sh]
Use X11 libraries (or use TK_XINCLUDES/TK_XLIBSW information on tkConfig.sh).
Warning:: cannot find X11 library. tcltklib will not be compiled (tcltklib is disabled on your Ruby. That is, Ruby/Tk will not work). Please check configure options. If your Tcl/Tk don't require X11, please try --without-X11.
Can't find X11 libraries. 
So, can't make tcltklib.so which is required by Ruby/Tk.
Failed to configure tk. It will not be installed.
Failed to configure tk/tkutil. It will not be installed.
configuring zlib
make[1]: Entering directory '/home/vaishali/.rvm/src/ruby-2.3.1'
make[2]: Entering directory '/home/vaishali/.rvm/src/ruby-2.3.1/ext/-test-/bug-3571'
make[2]: Entering directory '/home/vaishali/.rvm/src/ruby-2.3.1/ext/-test-/array/resize'
make[2]: Entering directory '/home/vaishali/.rvm/src/ruby-2.3.1/ext/-test-/bignum'
make[2]: Entering directory '/home/vaishali/.rvm/src/ruby-2.3.1/ext/-test-/bug-5832'
compiling bug.c
compiling resize.c
compiling big2str.c
compiling bug.c
linking shared-object -test-/bug-5832/bug.so
linking shared-object -test-/array/resize.so
linking shared-object -test-/bug-3571/bug.so
compiling div.c
make[2]: Leaving directory '/home/vaishali/.rvm/src/ruby-2.3.1/ext/-test-/bug-3571'
make[2]: Leaving directory '/home/vaishali/.rvm/src/ruby-2.3.1/ext/-test-/bug-5832'
make[2]: Entering directory '/home/vaishali/.rvm/src/ruby-2.3.1/ext/-test-/bug_reporter'
compiling bug_reporter.c
make[2]: Entering directory '/home/vaishali/.rvm/src/ruby-2.3.1/ext/-test-/class'
make[2]: Leaving directory '/home/vaishali/.rvm/src/ruby-2.3.1/ext/-test-/array/resize'
compiling class2name.c
make[2]: Entering directory '/home/vaishali/.rvm/src/ruby-2.3.1/ext/-test-/debug'
compiling inspector.c
compiling init.c
compiling init.c
linking shared-object -test-/bug_reporter/bug_reporter.so
compiling init.c
make[2]: Leaving directory '/home/vaishali/.rvm/src/ruby-2.3.1/ext/-test-/bug_reporter'
make[2]: Entering directory '/home/vaishali/.rvm/src/ruby-2.3.1/ext/-test-/dln/empty'
compiling empty.c
linking shared-object -test-/class.so
compiling bigzero.c
linking shared-object -test-/dln/empty.so
compiling profile_frames.c
make[2]: Leaving directory '/home/vaishali/.rvm/src/ruby-2.3.1/ext/-test-/class'
compiling intpack.c
make[2]: Leaving directory '/home/vaishali/.rvm/src/ruby-2.3.1/ext/-test-/dln/empty'
make[2]: Entering directory '/home/vaishali/.rvm/src/ruby-2.3.1/ext/-test-/exception'
compiling init.c
compiling str2big.c
linking shared-object -test-/debug.so
compiling dataerror.c
make[2]: Leaving directory '/home/vaishali/.rvm/src/ruby-2.3.1/ext/-test-/debug'
compiling ensured.c
make[2]: Entering directory '/home/vaishali/.rvm/src/ruby-2.3.1/ext/-test-/fatal'
compiling rb_fatal.c
compiling mul.c
compiling enc_raise.c
make[2]: Entering directory '/home/vaishali/.rvm/src/ruby-2.3.1/ext/-test-/file'
compiling fs.c
linking shared-object -test-/fatal/rb_fatal.so
make[2]: Leaving directory '/home/vaishali/.rvm/src/ruby-2.3.1/ext/-test-/fatal'
make[2]: Entering directory '/home/vaishali/.rvm/src/ruby-2.3.1/ext/-test-/float'
compiling init.c
linking shared-object -test-/exception.so
linking shared-object -test-/bignum.so
compiling init.c
make[2]: Leaving directory '/home/vaishali/.rvm/src/ruby-2.3.1/ext/-test-/exception'
compiling stat.c
make[2]: Leaving directory '/home/vaishali/.rvm/src/ruby-2.3.1/ext/-test-/bignum'
compiling nextafter.c
make[2]: Entering directory '/home/vaishali/.rvm/src/ruby-2.3.1/ext/-test-/funcall'
compiling passing_block.c
make[2]: Entering directory '/home/vaishali/.rvm/src/ruby-2.3.1/ext/-test-/gvl/call_without_gvl'
compiling call_without_gvl.c
linking shared-object -test-/funcall/funcall.so
linking shared-object -test-/file.so
linking shared-object -test-/float.so
make[2]: Leaving directory '/home/vaishali/.rvm/src/ruby-2.3.1/ext/-test-/funcall'
make[2]: Leaving directory '/home/vaishali/.rvm/src/ruby-2.3.1/ext/-test-/file'
make[2]: Entering directory '/home/vaishali/.rvm/src/ruby-2.3.1/ext/-test-/hash'
compiling init.c
make[2]: Entering directory '/home/vaishali/.rvm/src/ruby-2.3.1/ext/-test-/iseq_load'
compiling iseq_load.c
linking shared-object -test-/gvl/call_without_gvl.so
make[2]: Leaving directory '/home/vaishali/.rvm/src/ruby-2.3.1/ext/-test-/float'
make[2]: Entering directory '/home/vaishali/.rvm/src/ruby-2.3.1/ext/-test-/iter'
compiling break.c
make[2]: Leaving directory '/home/vaishali/.rvm/src/ruby-2.3.1/ext/-test-/gvl/call_without_gvl'
compiling init.c
compiling delete.c
linking shared-object -test-/iseq_load/iseq_load.so
make[2]: Entering directory '/home/vaishali/.rvm/src/ruby-2.3.1/ext/-test-/load/dot.dot'
compiling dot.dot.c
linking shared-object -test-/load/dot.dot/dot.dot.so
compiling yield.c
make[2]: Leaving directory '/home/vaishali/.rvm/src/ruby-2.3.1/ext/-test-/iseq_load'
make[2]: Entering directory '/home/vaishali/.rvm/src/ruby-2.3.1/ext/-test-/marshal/compat'
make[2]: Leaving directory '/home/vaishali/.rvm/src/ruby-2.3.1/ext/-test-/load/dot.dot'
compiling usrcompat.c
make[2]: Entering directory '/home/vaishali/.rvm/src/ruby-2.3.1/ext/-test-/marshal/internal_ivar'
compiling internal_ivar.c
linking shared-object -test-/hash.so
make[2]: Leaving directory '/home/vaishali/.rvm/src/ruby-2.3.1/ext/-test-/hash'
make[2]: Entering directory '/home/vaishali/.rvm/src/ruby-2.3.1/ext/-test-/marshal/usr'
compiling usrmarshal.c
linking shared-object -test-/iter.so
linking shared-object -test-/marshal/compat.so
linking shared-object -test-/marshal/internal_ivar.so
make[2]: Leaving directory '/home/vaishali/.rvm/src/ruby-2.3.1/ext/-test-/marshal/compat'
make[2]: Entering directory '/home/vaishali/.rvm/src/ruby-2.3.1/ext/-test-/method'
compiling init.c
make[2]: Leaving directory '/home/vaishali/.rvm/src/ruby-2.3.1/ext/-test-/iter'
make[2]: Entering directory '/home/vaishali/.rvm/src/ruby-2.3.1/ext/-test-/notimplement'
make[2]: Leaving directory '/home/vaishali/.rvm/src/ruby-2.3.1/ext/-test-/marshal/internal_ivar'
compiling bug.c
make[2]: Entering directory '/home/vaishali/.rvm/src/ruby-2.3.1/ext/-test-/num2int'
linking shared-object -test-/marshal/usr.so
compiling num2int.c
make[2]: Leaving directory '/home/vaishali/.rvm/src/ruby-2.3.1/ext/-test-/marshal/usr'
make[2]: Entering directory '/home/vaishali/.rvm/src/ruby-2.3.1/ext/-test-/path_to_class'
compiling path_to_class.c
compiling arity.c
linking shared-object -test-/notimplement.so
linking shared-object -test-/num2int/num2int.so
make[2]: Leaving directory '/home/vaishali/.rvm/src/ruby-2.3.1/ext/-test-/notimplement'
linking shared-object -test-/path_to_class/path_to_class.so
make[2]: Entering directory '/home/vaishali/.rvm/src/ruby-2.3.1/ext/-test-/popen_deadlock'
compiling infinite_loop_dlsym.c
make[2]: Leaving directory '/home/vaishali/.rvm/src/ruby-2.3.1/ext/-test-/num2int'
linking shared-object -test-/method.so
make[2]: Entering directory '/home/vaishali/.rvm/src/ruby-2.3.1/ext/-test-/postponed_job'
make[2]: Leaving directory '/home/vaishali/.rvm/src/ruby-2.3.1/ext/-test-/path_to_class'
compiling postponed_job.c
make[2]: Entering directory '/home/vaishali/.rvm/src/ruby-2.3.1/ext/-test-/printf'
compiling printf.c
make[2]: Leaving directory '/home/vaishali/.rvm/src/ruby-2.3.1/ext/-test-/method'
make[2]: Entering directory '/home/vaishali/.rvm/src/ruby-2.3.1/ext/-test-/proc'
compiling receiver.c
linking shared-object -test-/popen_deadlock/infinite_loop_dlsym.so
linking shared-object -test-/postponed_job.so
make[2]: Leaving directory '/home/vaishali/.rvm/src/ruby-2.3.1/ext/-test-/popen_deadlock'
make[2]: Entering directory '/home/vaishali/.rvm/src/ruby-2.3.1/ext/-test-/rational'
compiling rat.c
linking shared-object -test-/printf.so
make[2]: Leaving directory '/home/vaishali/.rvm/src/ruby-2.3.1/ext/-test-/postponed_job'
compiling super.c
make[2]: Entering directory '/home/vaishali/.rvm/src/ruby-2.3.1/ext/-test-/recursion'
compiling recursion.c
make[2]: Leaving directory '/home/vaishali/.rvm/src/ruby-2.3.1/ext/-test-/printf'
make[2]: Entering directory '/home/vaishali/.rvm/src/ruby-2.3.1/ext/-test-/st/foreach'
compiling foreach.c
linking shared-object -test-/rational.so
linking shared-object -test-/recursion.so
compiling init.c
make[2]: Leaving directory '/home/vaishali/.rvm/src/ruby-2.3.1/ext/-test-/rational'
make[2]: Entering directory '/home/vaishali/.rvm/src/ruby-2.3.1/ext/-test-/st/numhash'
compiling numhash.c
make[2]: Leaving directory '/home/vaishali/.rvm/src/ruby-2.3.1/ext/-test-/recursion'
make[2]: Entering directory '/home/vaishali/.rvm/src/ruby-2.3.1/ext/-test-/st/update'
linking shared-object -test-/st/foreach.so
compiling update.c
linking shared-object -test-/proc.so
make[2]: Leaving directory '/home/vaishali/.rvm/src/ruby-2.3.1/ext/-test-/st/foreach'
make[2]: Entering directory '/home/vaishali/.rvm/src/ruby-2.3.1/ext/-test-/string'
compiling normalize.c
make[2]: Leaving directory '/home/vaishali/.rvm/src/ruby-2.3.1/ext/-test-/proc'
make[2]: Entering directory '/home/vaishali/.rvm/src/ruby-2.3.1/ext/-test-/struct'
compiling init.c
linking shared-object -test-/st/numhash.so
linking shared-object -test-/st/update.so
make[2]: Leaving directory '/home/vaishali/.rvm/src/ruby-2.3.1/ext/-test-/st/numhash'
make[2]: Entering directory '/home/vaishali/.rvm/src/ruby-2.3.1/ext/-test-/symbol'
compiling modify.c
compiling init.c
compiling member.c
make[2]: Leaving directory '/home/vaishali/.rvm/src/ruby-2.3.1/ext/-test-/st/update'
make[2]: Entering directory '/home/vaishali/.rvm/src/ruby-2.3.1/ext/-test-/time'
compiling init.c
compiling init.c
compiling type.c
compiling duplicate.c
compiling new.c
compiling coderange.c
linking shared-object -test-/symbol.so
linking shared-object -test-/struct.so
linking shared-object -test-/time.so
compiling fstring.c
make[2]: Leaving directory '/home/vaishali/.rvm/src/ruby-2.3.1/ext/-test-/symbol'
make[2]: Entering directory '/home/vaishali/.rvm/src/ruby-2.3.1/ext/-test-/tracepoint'
make[2]: Leaving directory '/home/vaishali/.rvm/src/ruby-2.3.1/ext/-test-/struct'
make[2]: Entering directory '/home/vaishali/.rvm/src/ruby-2.3.1/ext/-test-/typeddata'
compiling typeddata.c
compiling tracepoint.c
make[2]: Leaving directory '/home/vaishali/.rvm/src/ruby-2.3.1/ext/-test-/time'
compiling gc_hook.c
compiling enc_associate.c
linking shared-object -test-/typeddata/typeddata.so
compiling enc_str_buf_cat.c
linking shared-object -test-/tracepoint.so
make[2]: Leaving directory '/home/vaishali/.rvm/src/ruby-2.3.1/ext/-test-/typeddata'
compiling ellipsize.c
make[2]: Leaving directory '/home/vaishali/.rvm/src/ruby-2.3.1/ext/-test-/tracepoint'
make[2]: Entering directory '/home/vaishali/.rvm/src/ruby-2.3.1/ext/-test-/vm'
compiling at_exit.c
compiling cstr.c
make[2]: Entering directory '/home/vaishali/.rvm/src/ruby-2.3.1/ext/-test-/wait_for_single_fd'
compiling wait_for_single_fd.c
make[2]: Entering directory '/home/vaishali/.rvm/src/ruby-2.3.1/ext/bigdecimal'
compiling bigdecimal.c
linking shared-object -test-/vm/at_exit.so
make[2]: Leaving directory '/home/vaishali/.rvm/src/ruby-2.3.1/ext/-test-/vm'
compiling qsort.c
make[2]: Entering directory '/home/vaishali/.rvm/src/ruby-2.3.1/ext/cgi/escape'
compiling escape.c
linking shared-object -test-/wait_for_single_fd/wait_for_single_fd.so
make[2]: Leaving directory '/home/vaishali/.rvm/src/ruby-2.3.1/ext/-test-/wait_for_single_fd'
make[2]: Entering directory '/home/vaishali/.rvm/src/ruby-2.3.1/ext/continuation'
compiling continuation.c
compiling set_len.c
linking shared-object cgi/escape.so
linking shared-object continuation.so
make[2]: Leaving directory '/home/vaishali/.rvm/src/ruby-2.3.1/ext/cgi/escape'
compiling nofree.c
make[2]: Entering directory '/home/vaishali/.rvm/src/ruby-2.3.1/ext/coverage'
compiling coverage.c
make[2]: Leaving directory '/home/vaishali/.rvm/src/ruby-2.3.1/ext/continuation'
make[2]: Entering directory '/home/vaishali/.rvm/src/ruby-2.3.1/ext/date'
compiling date_strftime.c
linking shared-object -test-/string.so
make[2]: Leaving directory '/home/vaishali/.rvm/src/ruby-2.3.1/ext/-test-/string'
make[2]: Entering directory '/home/vaishali/.rvm/src/ruby-2.3.1/ext/dbm'
compiling dbm.c
linking shared-object coverage.so
make[2]: Leaving directory '/home/vaishali/.rvm/src/ruby-2.3.1/ext/coverage'
installing default bigdecimal libraries
compiling date_parse.c
linking shared-object dbm.so
make[2]: Entering directory '/home/vaishali/.rvm/src/ruby-2.3.1/ext/digest'
compiling digest.c
make[2]: Leaving directory '/home/vaishali/.rvm/src/ruby-2.3.1/ext/dbm'
make[2]: Entering directory '/home/vaishali/.rvm/src/ruby-2.3.1/ext/digest/bubblebabble'
compiling bubblebabble.c
linking shared-object digest/bubblebabble.so
make[2]: Leaving directory '/home/vaishali/.rvm/src/ruby-2.3.1/ext/digest/bubblebabble'
make[2]: Entering directory '/home/vaishali/.rvm/src/ruby-2.3.1/ext/digest/md5'
compiling md5init.c
linking shared-object digest.so
installing digest libraries
installing default digest libraries
make[2]: Leaving directory '/home/vaishali/.rvm/src/ruby-2.3.1/ext/digest'
make[2]: Entering directory '/home/vaishali/.rvm/src/ruby-2.3.1/ext/digest/rmd160'
compiling rmd160init.c
linking shared-object digest/md5.so
make[2]: Leaving directory '/home/vaishali/.rvm/src/ruby-2.3.1/ext/digest/md5'
compiling date_core.c
linking shared-object digest/rmd160.so
make[2]: Leaving directory '/home/vaishali/.rvm/src/ruby-2.3.1/ext/digest/rmd160'
make[2]: Entering directory '/home/vaishali/.rvm/src/ruby-2.3.1/ext/digest/sha1'
compiling sha1init.c
linking shared-object digest/sha1.so
make[2]: Leaving directory '/home/vaishali/.rvm/src/ruby-2.3.1/ext/digest/sha1'
make[2]: Entering directory '/home/vaishali/.rvm/src/ruby-2.3.1/ext/digest/sha2'
compiling sha2init.c
linking shared-object digest/sha2.so
installing default sha2 libraries
make[2]: Leaving directory '/home/vaishali/.rvm/src/ruby-2.3.1/ext/digest/sha2'
make[2]: Entering directory '/home/vaishali/.rvm/src/ruby-2.3.1/ext/etc'
generating constant definitions
compiling etc.c
linking shared-object bigdecimal.so
make[2]: Leaving directory '/home/vaishali/.rvm/src/ruby-2.3.1/ext/bigdecimal'
make[2]: Entering directory '/home/vaishali/.rvm/src/ruby-2.3.1/ext/fcntl'
compiling fcntl.c
linking shared-object etc.so
make[2]: Leaving directory '/home/vaishali/.rvm/src/ruby-2.3.1/ext/etc'
make[2]: Entering directory '/home/vaishali/.rvm/src/ruby-2.3.1/ext/fiber'
compiling fiber.c
linking shared-object fcntl.so
linking shared-object fiber.so
make[2]: Leaving directory '/home/vaishali/.rvm/src/ruby-2.3.1/ext/fcntl'
make[2]: Entering directory '/home/vaishali/.rvm/src/ruby-2.3.1/ext/fiddle'
compiling handle.c
make[2]: Leaving directory '/home/vaishali/.rvm/src/ruby-2.3.1/ext/fiber'
make[2]: Entering directory '/home/vaishali/.rvm/src/ruby-2.3.1/ext/gdbm'
compiling gdbm.c
compiling date_strptime.c
compiling pointer.c
compiling conversions.c
installing default date_core libraries
compiling function.c
compiling fiddle.c
compiling closure.c
linking shared-object gdbm.so
installing default fiddle libraries
make[2]: Entering directory '/home/vaishali/.rvm/src/ruby-2.3.1/ext/io/console'
compiling console.c
make[2]: Leaving directory '/home/vaishali/.rvm/src/ruby-2.3.1/ext/gdbm'
make[2]: Entering directory '/home/vaishali/.rvm/src/ruby-2.3.1/ext/io/nonblock'
compiling nonblock.c
linking shared-object fiddle.so
linking shared-object io/nonblock.so
make[2]: Leaving directory '/home/vaishali/.rvm/src/ruby-2.3.1/ext/fiddle'
make[2]: Entering directory '/home/vaishali/.rvm/src/ruby-2.3.1/ext/io/wait'
compiling wait.c
make[2]: Leaving directory '/home/vaishali/.rvm/src/ruby-2.3.1/ext/io/nonblock'
make[2]: Entering directory '/home/vaishali/.rvm/src/ruby-2.3.1/ext/json'
installing default libraries
make[2]: Leaving directory '/home/vaishali/.rvm/src/ruby-2.3.1/ext/json'
make[2]: Entering directory '/home/vaishali/.rvm/src/ruby-2.3.1/ext/json/generator'
compiling generator.c
linking shared-object io/wait.so
linking shared-object io/console.so
make[2]: Leaving directory '/home/vaishali/.rvm/src/ruby-2.3.1/ext/io/wait'
make[2]: Entering directory '/home/vaishali/.rvm/src/ruby-2.3.1/ext/json/parser'
compiling parser.c
installing default console libraries
make[2]: Leaving directory '/home/vaishali/.rvm/src/ruby-2.3.1/ext/io/console'
make[2]: Entering directory '/home/vaishali/.rvm/src/ruby-2.3.1/ext/mathn/complex'
compiling complex.c
linking shared-object mathn/complex.so
make[2]: Leaving directory '/home/vaishali/.rvm/src/ruby-2.3.1/ext/mathn/complex'
make[2]: Entering directory '/home/vaishali/.rvm/src/ruby-2.3.1/ext/mathn/rational'
compiling rational.c
linking shared-object mathn/rational.so
make[2]: Leaving directory '/home/vaishali/.rvm/src/ruby-2.3.1/ext/mathn/rational'
make[2]: Entering directory '/home/vaishali/.rvm/src/ruby-2.3.1/ext/nkf'
compiling nkf.c
linking shared-object json/ext/parser.so
make[2]: Leaving directory '/home/vaishali/.rvm/src/ruby-2.3.1/ext/json/parser'
make[2]: Entering directory '/home/vaishali/.rvm/src/ruby-2.3.1/ext/objspace'
compiling object_tracing.c
linking shared-object date_core.so
make[2]: Leaving directory '/home/vaishali/.rvm/src/ruby-2.3.1/ext/date'
make[2]: Entering directory '/home/vaishali/.rvm/src/ruby-2.3.1/ext/openssl'
compiling ossl_pkcs12.c
compiling objspace_dump.c
linking shared-object json/ext/generator.so
make[2]: Leaving directory '/home/vaishali/.rvm/src/ruby-2.3.1/ext/json/generator'
make[2]: Entering directory '/home/vaishali/.rvm/src/ruby-2.3.1/ext/pathname'
compiling pathname.c
compiling ossl_cipher.c
compiling objspace.c
installing default pathname libraries
linking shared-object pathname.so
compiling ossl_x509name.c
make[2]: Leaving directory '/home/vaishali/.rvm/src/ruby-2.3.1/ext/pathname'
make[2]: Entering directory '/home/vaishali/.rvm/src/ruby-2.3.1/ext/psych'
compiling psych.c
linking shared-object objspace.so
compiling psych_emitter.c
make[2]: Leaving directory '/home/vaishali/.rvm/src/ruby-2.3.1/ext/objspace'
compiling psych_to_ruby.c
compiling ossl_x509req.c
compiling ossl_x509revoked.c
compiling psych_yaml_tree.c
compiling psych_parser.c
compiling ossl_rand.c
installing default nkf libraries
linking shared-object nkf.so
compiling ossl_x509ext.c
make[2]: Leaving directory '/home/vaishali/.rvm/src/ruby-2.3.1/ext/nkf'
compiling ossl_asn1.c
compiling ossl_ns_spki.c
linking shared-object psych.so
installing default psych libraries
make[2]: Entering directory '/home/vaishali/.rvm/src/ruby-2.3.1/ext/pty'
compiling pty.c
make[2]: Leaving directory '/home/vaishali/.rvm/src/ruby-2.3.1/ext/psych'
make[2]: Entering directory '/home/vaishali/.rvm/src/ruby-2.3.1/ext/racc/cparse'
compiling cparse.c
compiling ossl_x509attr.c
installing default pty libraries
linking shared-object pty.so
make[2]: Leaving directory '/home/vaishali/.rvm/src/ruby-2.3.1/ext/pty'
make[2]: Entering directory '/home/vaishali/.rvm/src/ruby-2.3.1/ext/rbconfig/sizeof'
compiling sizes.c
linking shared-object racc/cparse.so
compiling ossl_pkcs5.c
linking shared-object rbconfig/sizeof.so
make[2]: Leaving directory '/home/vaishali/.rvm/src/ruby-2.3.1/ext/racc/cparse'
make[2]: Entering directory '/home/vaishali/.rvm/src/ruby-2.3.1/ext/readline'
compiling readline.c
compiling ossl_x509cert.c
make[2]: Leaving directory '/home/vaishali/.rvm/src/ruby-2.3.1/ext/rbconfig/sizeof'
make[2]: Entering directory '/home/vaishali/.rvm/src/ruby-2.3.1/ext/ripper'
compiling ripper.c
checking ../.././parse.y and ../.././ext/ripper/eventids2.c
installing default ripper libraries
compiling ossl_bio.c
compiling ossl_pkey_dsa.c
linking shared-object readline.so
make[2]: Leaving directory '/home/vaishali/.rvm/src/ruby-2.3.1/ext/readline'
make[2]: Entering directory '/home/vaishali/.rvm/src/ruby-2.3.1/ext/sdbm'
compiling _sdbm.c
compiling ossl_pkey_dh.c
compiling init.c
compiling ossl_hmac.c
compiling ossl_ocsp.c
compiling ossl_ssl_session.c
linking shared-object sdbm.so
make[2]: Leaving directory '/home/vaishali/.rvm/src/ruby-2.3.1/ext/sdbm'
make[2]: Entering directory '/home/vaishali/.rvm/src/ruby-2.3.1/ext/socket'
generating constant definitions
generating constant definitions
compiling basicsocket.c
compiling ossl_pkcs7.c
compiling ossl_ssl.c
compiling socket.c
compiling ossl_pkey_ec.c
compiling ipsocket.c
compiling tcpsocket.c
compiling ossl.c
compiling tcpserver.c
compiling sockssocket.c
make[2]: Entering directory '/home/vaishali/.rvm/src/ruby-2.3.1/ext/stringio'
compiling stringio.c
compiling udpsocket.c
compiling ossl_config.c
compiling unixsocket.c
compiling ossl_digest.c
compiling unixserver.c
linking shared-object stringio.so
make[2]: Leaving directory '/home/vaishali/.rvm/src/ruby-2.3.1/ext/stringio'
make[2]: Entering directory '/home/vaishali/.rvm/src/ruby-2.3.1/ext/strscan'
compiling strscan.c
compiling ossl_x509crl.c
compiling option.c
compiling ossl_x509.c
linking shared-object strscan.so
linking shared-object ripper.so
compiling ancdata.c
make[2]: Leaving directory '/home/vaishali/.rvm/src/ruby-2.3.1/ext/strscan'
compiling ossl_engine.c
make[2]: Leaving directory '/home/vaishali/.rvm/src/ruby-2.3.1/ext/ripper'
make[2]: Entering directory '/home/vaishali/.rvm/src/ruby-2.3.1/ext/syslog'
compiling syslog.c
make[2]: Entering directory '/home/vaishali/.rvm/src/ruby-2.3.1/ext/thread'
compiling thread.c
linking shared-object thread.so
make[2]: Leaving directory '/home/vaishali/.rvm/src/ruby-2.3.1/ext/thread'
make[2]: Entering directory '/home/vaishali/.rvm/src/ruby-2.3.1/ext/tk'
make[2]: Nothing to be done for 'all'.
make[2]: Leaving directory '/home/vaishali/.rvm/src/ruby-2.3.1/ext/tk'
make[2]: Entering directory '/home/vaishali/.rvm/src/ruby-2.3.1/ext/tk/tkutil'
make[2]: Nothing to be done for 'all'.
make[2]: Leaving directory '/home/vaishali/.rvm/src/ruby-2.3.1/ext/tk/tkutil'
make[2]: Entering directory '/home/vaishali/.rvm/src/ruby-2.3.1/ext/zlib'
compiling zlib.c
installing default syslog libraries
linking shared-object syslog.so
make[2]: Leaving directory '/home/vaishali/.rvm/src/ruby-2.3.1/ext/syslog'
compiling raddrinfo.c
compiling ossl_pkey.c
compiling ifaddr.c
compiling ossl_pkey_rsa.c
installing default socket libraries
compiling init.c
compiling constants.c
compiling ossl_bn.c
compiling openssl_missing.c
compiling ossl_x509store.c
linking shared-object zlib.so
make[2]: Leaving directory '/home/vaishali/.rvm/src/ruby-2.3.1/ext/zlib'
installing default openssl libraries
linking shared-object openssl.so
make[2]: Leaving directory '/home/vaishali/.rvm/src/ruby-2.3.1/ext/openssl'
linking shared-object socket.so
make[2]: Leaving directory '/home/vaishali/.rvm/src/ruby-2.3.1/ext/socket'
make[2]: Entering directory '/home/vaishali/.rvm/src/ruby-2.3.1'
linking shared-library libruby.so.2.3.0
linking ruby
make[2]: Leaving directory '/home/vaishali/.rvm/src/ruby-2.3.1'
make[1]: Leaving directory '/home/vaishali/.rvm/src/ruby-2.3.1'
