[2017-01-27 12:07:01] __rvm_package_extract
__rvm_package_extract () 
{ 
    rvm_debug __rvm_package_extract:$#: "$@";
    \typeset __tempdir __path __file __return;
    __return=0;
    __tempdir="$( TMPDIR="${rvm_tmp_path}" mktemp -d -t rvm-tmp.XXXXXXXXX )";
    __rvm_package_extract_run "$1" "$__tempdir" || __return=$?;
    if (( __return == 0 )); then
        for __path in "$__tempdir"/*;
        do
            __file="${__path##*/}";
            if [[ -n "${__file}" && -e "$2/${__file}" ]]; then
                \command \rm -rf "$2/${__file}" || __return=$?;
            fi;
            \command \mv -f "${__path}" "$2/" || __return=$?;
        done;
    fi;
    if [[ -n "$__tempdir" ]]; then
        \command \rm -rf "$__tempdir";
    fi;
    return $__return
}
current path: /home/vaishali/.rvm/src/ruby-2.3.1
PATH=/home/vaishali/bin:/usr/local/sbin:/usr/local/bin:/usr/sbin:/usr/bin:/sbin:/bin:/:/home/vaishali/.rvm/bin
command(3): __rvm_package_extract /home/vaishali/.rvm/archives/rubygems-2.6.10.tgz /home/vaishali/.rvm/src
++ rvm_debug __rvm_package_extract:2: /home/vaishali/.rvm/archives/rubygems-2.6.10.tgz /home/vaishali/.rvm/src
++ ((  0  ))
++ return 0
++ typeset __tempdir __path __file __return
++ __return=0
+++ TMPDIR=/home/vaishali/.rvm/tmp
+++ mktemp -d -t rvm-tmp.XXXXXXXXX
++ __tempdir=/home/vaishali/.rvm/tmp/rvm-tmp.oMtPQxEaQ
++ __rvm_package_extract_run /home/vaishali/.rvm/archives/rubygems-2.6.10.tgz /home/vaishali/.rvm/tmp/rvm-tmp.oMtPQxEaQ
++ [[    != *\ \-\-\n\o\-\s\a\m\e\-\o\w\n\e\r\ * ]]
++ __rvm_tar --help
++ __rvm_grep -- --no-same-owner
++ GREP_OPTIONS=
++ command grep -- --no-same-owner
++ grep -- --no-same-owner
++ rvm_tar_options=--no-same-owner
++ [[ -d /home/vaishali/.rvm/tmp/rvm-tmp.oMtPQxEaQ ]]
++ case "$1" in
++ [[ -n '' ]]
++ __rvm_tar xzf /home/vaishali/.rvm/archives/rubygems-2.6.10.tgz -C /home/vaishali/.rvm/tmp/rvm-tmp.oMtPQxEaQ --no-same-owner
++ tar xzf /home/vaishali/.rvm/archives/rubygems-2.6.10.tgz -C /home/vaishali/.rvm/tmp/rvm-tmp.oMtPQxEaQ --no-same-owner
++ __rvm_fix_group_permissions /home/vaishali/.rvm/tmp/rvm-tmp.oMtPQxEaQ/rubygems-2.6.10
++ umask -S
++ __rvm_grep g=rw
++ GREP_OPTIONS=
++ command grep g=rw
++ grep g=rw
++ chmod -R g+rwX /home/vaishali/.rvm/tmp/rvm-tmp.oMtPQxEaQ/rubygems-2.6.10
++ ((  __return == 0  ))
++ for __path in '"$__tempdir"/*'
++ __file=rubygems-2.6.10
++ [[ -n rubygems-2.6.10 ]]
++ [[ -e /home/vaishali/.rvm/src/rubygems-2.6.10 ]]
++ command mv -f /home/vaishali/.rvm/tmp/rvm-tmp.oMtPQxEaQ/rubygems-2.6.10 /home/vaishali/.rvm/src/
++ mv -f /home/vaishali/.rvm/tmp/rvm-tmp.oMtPQxEaQ/rubygems-2.6.10 /home/vaishali/.rvm/src/
++ [[ -n /home/vaishali/.rvm/tmp/rvm-tmp.oMtPQxEaQ ]]
++ command rm -rf /home/vaishali/.rvm/tmp/rvm-tmp.oMtPQxEaQ
++ rm -rf /home/vaishali/.rvm/tmp/rvm-tmp.oMtPQxEaQ
++ return 0
